<?xml version="1.0" encoding="UTF-8"?>
<testsuite name="greeter.GreetingFormatterSpec" tests="1" skipped="0" failures="0" errors="0" timestamp="2018-09-22T07:09:51" hostname="Yogas-MacBook-Pro.local" time="0.081">
  <properties/>
  <testcase name="Creating a greeting" classname="greeter.GreetingFormatterSpec" time="0.081"/>
  <system-out><![CDATA[]]></system-out>
  <system-err><![CDATA[]]></system-err>
</testsuite>
